<?xml version="1.0" encoding="UTF-8"?>
<testsuite xmlns:xsi="http://www.w3.org/2001/XMLSchema-instance" xsi:noNamespaceSchemaLocation="https://maven.apache.org/surefire/maven-surefire-plugin/xsd/surefire-test-report.xsd" version="3.0.2" name="io.synadia.authcallout.server.CurveKeyHelperTest" time="0.185" tests="1" errors="0" skipped="0" failures="0">
  <properties>
[...]
</properties>
  <testcase name="testOpenWithNaClBoxFormat" classname="io.synadia.authcallout.server.CurveKeyHelperTest" time="0.172">
    <system-out><![CDATA[Seed NKey:   SC4ACAQDAQCQMBYIBEFAWDANBYHRAEISCMKBKFQXDAMRUGY4DUPB6IEQ2U
Sender NKey: XBMGTL7UKBKJOMWLVLWV4XPZWMFG3IY4WDSXIK5NLLKKDJ3I6GTHXST6
20:49:02.013 [main] DEBUG i.s.a.server.CurveKeyHelper - nonce:       000102030405060708090a0b0c0d0e0f1011121314151617
20:49:02.014 [main] DEBUG i.s.a.server.CurveKeyHelper - receivedMac: b8bffd9ddc00c3bff470a84a5b39de04
20:49:02.015 [main] DEBUG i.s.a.server.CurveKeyHelper - ciphertext[0..7]: 7a90b735351d0abd
20:49:02.015 [main] DEBUG i.s.a.server.CurveKeyHelper - rawDh:   a84dc7c3c8f058b1b2dc4cd1e9b5dc0a7987f88b6a9564cde3391fc421159e77
20:49:02.015 [main] DEBUG i.s.a.server.CurveKeyHelper - boxKey:  ec88f6e13b22bf9f04d480e0d8525c08ac7e2f48e212742bcbcafa104a74b08d
20:49:02.016 [main] DEBUG i.s.a.server.CurveKeyHelper - subKey:     a6de0fbf360bd9cc46d20f83d0cba402816a0e40e7d533f0a6fabc626a05b68c
20:49:02.016 [main] DEBUG i.s.a.server.CurveKeyHelper - innerNonce: 1011121314151617
20:49:02.016 [main] DEBUG i.s.a.server.CurveKeyHelper - polyKey: 6083354f61645e118d0ce3486de98296bdc4c48134fd88418f8116ec3e760fc1
20:49:02.016 [main] DEBUG i.s.a.server.CurveKeyHelper - computedMac: b8bffd9ddc00c3bff470a84a5b39de04
20:49:02.016 [main] DEBUG i.s.a.server.CurveKeyHelper - MAC OK
]]></system-out>
  </testcase>
</testsuite>